Copyright 1986-2022 Xilinx, Inc. All Rights Reserved.
-----------------------------------------------------------------------------------------------
| Tool Version : Vivado v.2022.1 (win64) Build 3526262 Mon Apr 18 15:48:16 MDT 2022
| Date         : Mon Jun 15 14:40:58 2026
| Host         : DESKTOP-223A9C1 running 64-bit major release  (build 9200)
| Command      : report_control_sets -verbose -file ans_design_wrapper_control_sets_placed.rpt
| Design       : ans_design_wrapper
| Device       : xc7z020
-----------------------------------------------------------------------------------------------

Control Set Information

Table of Contents
-----------------
1. Summary
2. Histogram
3. Flip-Flop Distribution
4. Detailed Control Set Information

1. Summary
----------

+----------------------------------------------------------+-------+
|                          Status                          | Count |
+----------------------------------------------------------+-------+
| Total control sets                                       |    68 |
|    Minimum number of control sets                        |    68 |
|    Addition due to synthesis replication                 |     0 |
|    Addition due to physical synthesis replication        |     0 |
| Unused register locations in slices containing registers |   112 |
+----------------------------------------------------------+-------+
* Control sets can be merged at opt_design using control_set_merge or merge_equivalent_drivers
** Run report_qor_suggestions for automated merging and remapping suggestions


2. Histogram
------------

+--------------------+-------+
|       Fanout       | Count |
+--------------------+-------+
| Total control sets |    68 |
| >= 0 to < 4        |     1 |
| >= 4 to < 6        |     7 |
| >= 6 to < 8        |     2 |
| >= 8 to < 10       |     4 |
| >= 10 to < 12      |     1 |
| >= 12 to < 14      |     7 |
| >= 14 to < 16      |     0 |
| >= 16              |    46 |
+--------------------+-------+
* Control sets can be remapped at either synth_design or opt_design


3. Flip-Flop Distribution
-------------------------

+--------------+-----------------------+------------------------+-----------------+--------------+
| Clock Enable | Synchronous Set/Reset | Asynchronous Set/Reset | Total Registers | Total Slices |
+--------------+-----------------------+------------------------+-----------------+--------------+
| No           | No                    | No                     |             132 |           64 |
| No           | No                    | Yes                    |               2 |            1 |
| No           | Yes                   | No                     |              27 |           11 |
| Yes          | No                    | No                     |             339 |           82 |
| Yes          | No                    | Yes                    |              79 |           27 |
| Yes          | Yes                   | No                     |              85 |           39 |
+--------------+-----------------------+------------------------+-----------------+--------------+


4. Detailed Control Set Information
-----------------------------------

+---------------------------------------------------+------------------------------------------------------------------------------------------------------------------------------------------------------------------+---------------------------------------------------------------------------------------------------------------------------------------------------------+------------------+----------------+--------------+
|                    Clock Signal                   |                                                                           Enable Signal                                                                          |                                                                     Set/Reset Signal                                                                    | Slice Load Count | Bel Load Count | Bels / Slice |
+---------------------------------------------------+------------------------------------------------------------------------------------------------------------------------------------------------------------------+---------------------------------------------------------------------------------------------------------------------------------------------------------+------------------+----------------+--------------+
|  ans_design_i/processing_system7_0/inst/FCLK_CLK0 | ans_design_i/ps7_0_axi_periph/s00_couplers/auto_pc/inst/gen_axilite.gen_b2s_conv.axilite_b2s/WR.aw_channel_0/aw_cmd_fsm_0/m_valid_i_reg_0                        | ans_design_i/ps7_0_axi_periph/s00_couplers/auto_pc/inst/gen_axilite.gen_b2s_conv.axilite_b2s/WR.aw_channel_0/aw_cmd_fsm_0/m_valid_i_reg                 |                1 |              1 |         1.00 |
|  ans_design_i/processing_system7_0/inst/FCLK_CLK0 | ans_design_i/ps7_0_axi_periph/s00_couplers/auto_pc/inst/gen_axilite.gen_b2s_conv.axilite_b2s/RD.ar_channel_0/ar_cmd_fsm_0/S_AXI_ARREADY_reg_1                    | ans_design_i/ps7_0_axi_periph/s00_couplers/auto_pc/inst/gen_axilite.gen_b2s_conv.axilite_b2s/RD.ar_channel_0/ar_cmd_fsm_0/FSM_sequential_state_reg[1]_0 |                2 |              4 |         2.00 |
|  ans_design_i/processing_system7_0/inst/FCLK_CLK0 |                                                                                                                                                                  | ans_design_i/rst_ps7_0_100M/U0/EXT_LPF/lpf_int                                                                                                          |                1 |              4 |         4.00 |
|  ans_design_i/processing_system7_0/inst/FCLK_CLK0 |                                                                                                                                                                  | ans_design_i/ps7_0_axi_periph/s00_couplers/auto_pc/inst/gen_axilite.gen_b2s_conv.axilite_b2s/SI_REG/ar.ar_pipe/aresetn_d_reg[0]_0                       |                1 |              4 |         4.00 |
|  ans_design_i/processing_system7_0/inst/FCLK_CLK0 |                                                                                                                                                                  | ans_design_i/ps7_0_axi_periph/s00_couplers/auto_pc/inst/gen_axilite.gen_b2s_conv.axilite_b2s/SI_REG/b.b_pipe/aresetn_d_reg[1]_inv_0                     |                2 |              4 |         2.00 |
|  ans_design_i/processing_system7_0/inst/FCLK_CLK0 | ans_design_i/ps7_0_axi_periph/s00_couplers/auto_pc/inst/gen_axilite.gen_b2s_conv.axilite_b2s/RD.r_channel_0/transaction_fifo_0/cnt_read[4]_i_1_n_0               | ans_design_i/ps7_0_axi_periph/s00_couplers/auto_pc/inst/gen_axilite.gen_b2s_conv.axilite_b2s/areset_d1                                                  |                2 |              5 |         2.50 |
|  ans_design_i/processing_system7_0/inst/FCLK_CLK0 | ans_design_i/myip_axi_lite_v1_0_0/inst/myip_axi_lite_v1_0_S00_AXI_inst/u_core//i__n_0                                                                            | ans_design_i/myip_axi_lite_v1_0_0/inst/myip_axi_lite_v1_0_S00_AXI_inst/u_core/ACTIVE_LOW_PR_OUT_DFF[0].FDRE_PER_N                                       |                1 |              5 |         5.00 |
|  ans_design_i/processing_system7_0/inst/FCLK_CLK0 | ans_design_i/ps7_0_axi_periph/s00_couplers/auto_pc/inst/gen_axilite.gen_b2s_conv.axilite_b2s/RD.r_channel_0/rd_data_fifo_0/cnt_read[4]_i_1__0_n_0                | ans_design_i/ps7_0_axi_periph/s00_couplers/auto_pc/inst/gen_axilite.gen_b2s_conv.axilite_b2s/areset_d1                                                  |                2 |              5 |         2.50 |
|  ans_design_i/processing_system7_0/inst/FCLK_CLK0 | ans_design_i/rst_ps7_0_100M/U0/SEQ/seq_cnt_en                                                                                                                    | ans_design_i/rst_ps7_0_100M/U0/SEQ/SEQ_COUNTER/clear                                                                                                    |                1 |              6 |         6.00 |
|  ans_design_i/processing_system7_0/inst/FCLK_CLK0 |                                                                                                                                                                  | ans_design_i/myip_axi_lite_v1_0_0/inst/myip_axi_lite_v1_0_S00_AXI_inst/u_core/ACTIVE_LOW_PR_OUT_DFF[0].FDRE_PER_N                                       |                5 |              7 |         1.40 |
|  ans_design_i/processing_system7_0/inst/FCLK_CLK0 | ans_design_i/myip_axi_lite_v1_0_0/inst/myip_axi_lite_v1_0_S00_AXI_inst/state_in_reg[15]_i_1_n_0                                                                  | ans_design_i/myip_axi_lite_v1_0_0/inst/myip_axi_lite_v1_0_S00_AXI_inst/u_core/ACTIVE_LOW_PR_OUT_DFF[0].FDRE_PER_N                                       |                4 |              8 |         2.00 |
|  ans_design_i/processing_system7_0/inst/FCLK_CLK0 | ans_design_i/myip_axi_lite_v1_0_0/inst/myip_axi_lite_v1_0_S00_AXI_inst/state_in_reg[7]_i_1_n_0                                                                   | ans_design_i/myip_axi_lite_v1_0_0/inst/myip_axi_lite_v1_0_S00_AXI_inst/u_core/ACTIVE_LOW_PR_OUT_DFF[0].FDRE_PER_N                                       |                4 |              8 |         2.00 |
|  ans_design_i/processing_system7_0/inst/FCLK_CLK0 | ans_design_i/myip_axi_lite_v1_0_0/inst/myip_axi_lite_v1_0_S00_AXI_inst/p_1_in[7]                                                                                 | ans_design_i/myip_axi_lite_v1_0_0/inst/myip_axi_lite_v1_0_S00_AXI_inst/u_core/ACTIVE_LOW_PR_OUT_DFF[0].FDRE_PER_N                                       |                1 |              8 |         8.00 |
|  ans_design_i/processing_system7_0/inst/FCLK_CLK0 | ans_design_i/ps7_0_axi_periph/s00_couplers/auto_pc/inst/gen_axilite.gen_b2s_conv.axilite_b2s/WR.b_channel_0/mhandshake_r                                         | ans_design_i/ps7_0_axi_periph/s00_couplers/auto_pc/inst/gen_axilite.gen_b2s_conv.axilite_b2s/WR.b_channel_0/bid_fifo_0/SR[0]                            |                3 |              8 |         2.67 |
|  ans_design_i/processing_system7_0/inst/FCLK_CLK0 |                                                                                                                                                                  | ans_design_i/ps7_0_axi_periph/s00_couplers/auto_pc/inst/gen_axilite.gen_b2s_conv.axilite_b2s/areset_d1                                                  |                3 |             10 |         3.33 |
|  ans_design_i/processing_system7_0/inst/FCLK_CLK0 | ans_design_i/ps7_0_axi_periph/s00_couplers/auto_pc/inst/gen_axilite.gen_b2s_conv.axilite_b2s/RD.ar_channel_0/ar_cmd_fsm_0/E[0]                                   |                                                                                                                                                         |                3 |             12 |         4.00 |
|  ans_design_i/processing_system7_0/inst/FCLK_CLK0 | ans_design_i/ps7_0_axi_periph/s00_couplers/auto_pc/inst/gen_axilite.gen_b2s_conv.axilite_b2s/RD.ar_channel_0/ar_cmd_fsm_0/FSM_sequential_state_reg[0]_1[0]       |                                                                                                                                                         |                4 |             12 |         3.00 |
|  ans_design_i/processing_system7_0/inst/FCLK_CLK0 | ans_design_i/ps7_0_axi_periph/s00_couplers/auto_pc/inst/gen_axilite.gen_b2s_conv.axilite_b2s/SI_REG/b.b_pipe/s_ready_i_reg_0                                     |                                                                                                                                                         |                3 |             12 |         4.00 |
|  ans_design_i/processing_system7_0/inst/FCLK_CLK0 | ans_design_i/ps7_0_axi_periph/s00_couplers/auto_pc/inst/gen_axilite.gen_b2s_conv.axilite_b2s/SI_REG/b.b_pipe/p_1_in                                              |                                                                                                                                                         |                2 |             12 |         6.00 |
|  ans_design_i/processing_system7_0/inst/FCLK_CLK0 | ans_design_i/ps7_0_axi_periph/s00_couplers/auto_pc/inst/gen_axilite.gen_b2s_conv.axilite_b2s/WR.aw_channel_0/cmd_translator_0/incr_cmd_0/axaddr_incr[11]_i_1_n_0 |                                                                                                                                                         |                4 |             12 |         3.00 |
|  ans_design_i/processing_system7_0/inst/FCLK_CLK0 | ans_design_i/ps7_0_axi_periph/s00_couplers/auto_pc/inst/gen_axilite.gen_b2s_conv.axilite_b2s/WR.aw_channel_0/aw_cmd_fsm_0/m_valid_i_reg_1[0]                     |                                                                                                                                                         |                7 |             12 |         1.71 |
|  ans_design_i/processing_system7_0/inst/FCLK_CLK0 | ans_design_i/ps7_0_axi_periph/s00_couplers/auto_pc/inst/gen_axilite.gen_b2s_conv.axilite_b2s/RD.r_channel_0/r_push_r                                             |                                                                                                                                                         |                4 |             13 |         3.25 |
|  ans_design_i/processing_system7_0/inst/FCLK_CLK0 | ans_design_i/ps7_0_axi_periph/s00_couplers/auto_pc/inst/gen_axilite.gen_b2s_conv.axilite_b2s/WR.aw_channel_0/aw_cmd_fsm_0/FSM_sequential_state_reg[0]_0          |                                                                                                                                                         |                3 |             16 |         5.33 |
|  ans_design_i/processing_system7_0/inst/FCLK_CLK0 | ans_design_i/ps7_0_axi_periph/s00_couplers/auto_pc/inst/gen_axilite.gen_b2s_conv.axilite_b2s/RD.ar_channel_0/ar_cmd_fsm_0/S_AXI_ARREADY_reg_1                    |                                                                                                                                                         |                7 |             21 |         3.00 |
|  ans_design_i/processing_system7_0/inst/FCLK_CLK0 | ans_design_i/ps7_0_axi_periph/s00_couplers/auto_pc/inst/gen_axilite.gen_b2s_conv.axilite_b2s/WR.aw_channel_0/aw_cmd_fsm_0/m_valid_i_reg_0                        |                                                                                                                                                         |                9 |             24 |         2.67 |
|  ans_design_i/processing_system7_0/inst/FCLK_CLK0 | ans_design_i/myip_axi_lite_v1_0_0/inst/myip_axi_lite_v1_0_S00_AXI_inst/u_core/FSM_onehot_current_state_reg_n_0_[3]                                               | ans_design_i/myip_axi_lite_v1_0_0/inst/myip_axi_lite_v1_0_S00_AXI_inst/u_core/ACTIVE_LOW_PR_OUT_DFF[0].FDRE_PER_N                                       |               12 |             29 |         2.42 |
|  ans_design_i/processing_system7_0/inst/FCLK_CLK0 | ans_design_i/ps7_0_axi_periph/s00_couplers/auto_pc/inst/gen_axilite.gen_b2s_conv.axilite_b2s/RD.r_channel_0/rd_data_fifo_0/wr_en0                                |                                                                                                                                                         |                9 |             32 |         3.56 |
|  ans_design_i/processing_system7_0/inst/FCLK_CLK0 | ans_design_i/myip_axi_lite_v1_0_0/inst/myip_axi_lite_v1_0_S00_AXI_inst/S_AXI_ARREADY_i_1_n_0                                                                     | ans_design_i/myip_axi_lite_v1_0_0/inst/myip_axi_lite_v1_0_S00_AXI_inst/u_core/ACTIVE_LOW_PR_OUT_DFF[0].FDRE_PER_N                                       |               19 |             32 |         1.68 |
|  ans_design_i/processing_system7_0/inst/FCLK_CLK0 | ans_design_i/ps7_0_axi_periph/s00_couplers/auto_pc/inst/gen_axilite.gen_b2s_conv.axilite_b2s/WR.aw_channel_0/aw_cmd_fsm_0/E[0]                                   |                                                                                                                                                         |                5 |             33 |         6.60 |
|  ans_design_i/processing_system7_0/inst/FCLK_CLK0 | ans_design_i/ps7_0_axi_periph/s00_couplers/auto_pc/inst/gen_axilite.gen_b2s_conv.axilite_b2s/SI_REG/aw.aw_pipe/s_ready_i_reg_0                                   |                                                                                                                                                         |                5 |             33 |         6.60 |
|  ans_design_i/processing_system7_0/inst/FCLK_CLK0 | ans_design_i/ps7_0_axi_periph/s00_couplers/auto_pc/inst/gen_axilite.gen_b2s_conv.axilite_b2s/RD.ar_channel_0/ar_cmd_fsm_0/m_valid_i_reg[0]                       |                                                                                                                                                         |                8 |             33 |         4.12 |
|  ans_design_i/processing_system7_0/inst/FCLK_CLK0 | ans_design_i/ps7_0_axi_periph/s00_couplers/auto_pc/inst/gen_axilite.gen_b2s_conv.axilite_b2s/SI_REG/ar.ar_pipe/s_ready_i_reg_0                                   |                                                                                                                                                         |                9 |             33 |         3.67 |
|  ans_design_i/processing_system7_0/inst/FCLK_CLK0 | ans_design_i/ps7_0_axi_periph/s00_couplers/auto_pc/inst/gen_axilite.gen_b2s_conv.axilite_b2s/SI_REG/r.r_pipe/p_1_in                                              |                                                                                                                                                         |                7 |             45 |         6.43 |
|  ans_design_i/processing_system7_0/inst/FCLK_CLK0 | ans_design_i/ps7_0_axi_periph/s00_couplers/auto_pc/inst/gen_axilite.gen_b2s_conv.axilite_b2s/SI_REG/r.r_pipe/s_ready_i_reg_0                                     |                                                                                                                                                         |                9 |             45 |         5.00 |
|  ans_design_i/processing_system7_0/inst/FCLK_CLK0 | ans_design_i/myip_axi_lite_v1_0_0/inst/myip_axi_lite_v1_0_S00_AXI_inst/u_core/FSM_onehot_current_state_reg_n_0_[1]                                               | ans_design_i/myip_axi_lite_v1_0_0/inst/myip_axi_lite_v1_0_S00_AXI_inst/u_core/ACTIVE_LOW_PR_OUT_DFF[0].FDRE_PER_N                                       |               14 |             45 |         3.21 |
|  ans_design_i/processing_system7_0/inst/FCLK_CLK0 | ans_design_i/myip_axi_lite_v1_0_0/inst/myip_axi_lite_v1_0_S00_AXI_inst/table_mem_reg_r1_256_383_8_8_i_1_n_0                                                      |                                                                                                                                                         |               16 |             64 |         4.00 |
|  ans_design_i/processing_system7_0/inst/FCLK_CLK0 | ans_design_i/myip_axi_lite_v1_0_0/inst/myip_axi_lite_v1_0_S00_AXI_inst/table_mem_reg_r1_384_511_0_0_i_1_n_0                                                      |                                                                                                                                                         |               16 |             64 |         4.00 |
|  ans_design_i/processing_system7_0/inst/FCLK_CLK0 | ans_design_i/myip_axi_lite_v1_0_0/inst/myip_axi_lite_v1_0_S00_AXI_inst/table_mem_reg_r1_384_511_8_8_i_1_n_0                                                      |                                                                                                                                                         |               16 |             64 |         4.00 |
|  ans_design_i/processing_system7_0/inst/FCLK_CLK0 | ans_design_i/myip_axi_lite_v1_0_0/inst/myip_axi_lite_v1_0_S00_AXI_inst/table_mem_reg_r1_512_639_0_0_i_1_n_0                                                      |                                                                                                                                                         |               16 |             64 |         4.00 |
|  ans_design_i/processing_system7_0/inst/FCLK_CLK0 | ans_design_i/myip_axi_lite_v1_0_0/inst/myip_axi_lite_v1_0_S00_AXI_inst/table_mem_reg_r1_384_511_24_24_i_1_n_0                                                    |                                                                                                                                                         |               16 |             64 |         4.00 |
|  ans_design_i/processing_system7_0/inst/FCLK_CLK0 | ans_design_i/myip_axi_lite_v1_0_0/inst/myip_axi_lite_v1_0_S00_AXI_inst/table_mem_reg_r1_384_511_16_16_i_1_n_0                                                    |                                                                                                                                                         |               16 |             64 |         4.00 |
|  ans_design_i/processing_system7_0/inst/FCLK_CLK0 | ans_design_i/myip_axi_lite_v1_0_0/inst/myip_axi_lite_v1_0_S00_AXI_inst/table_mem_reg_r1_512_639_8_8_i_1_n_0                                                      |                                                                                                                                                         |               16 |             64 |         4.00 |
|  ans_design_i/processing_system7_0/inst/FCLK_CLK0 | ans_design_i/myip_axi_lite_v1_0_0/inst/myip_axi_lite_v1_0_S00_AXI_inst/table_mem_reg_r1_640_767_0_0_i_1_n_0                                                      |                                                                                                                                                         |               16 |             64 |         4.00 |
|  ans_design_i/processing_system7_0/inst/FCLK_CLK0 | ans_design_i/myip_axi_lite_v1_0_0/inst/myip_axi_lite_v1_0_S00_AXI_inst/table_mem_reg_r1_512_639_24_24_i_1_n_0                                                    |                                                                                                                                                         |               16 |             64 |         4.00 |
|  ans_design_i/processing_system7_0/inst/FCLK_CLK0 | ans_design_i/myip_axi_lite_v1_0_0/inst/myip_axi_lite_v1_0_S00_AXI_inst/table_mem_reg_r1_512_639_16_16_i_1_n_0                                                    |                                                                                                                                                         |               16 |             64 |         4.00 |
|  ans_design_i/processing_system7_0/inst/FCLK_CLK0 | ans_design_i/myip_axi_lite_v1_0_0/inst/myip_axi_lite_v1_0_S00_AXI_inst/table_mem_reg_r1_640_767_24_24_i_1_n_0                                                    |                                                                                                                                                         |               16 |             64 |         4.00 |
|  ans_design_i/processing_system7_0/inst/FCLK_CLK0 | ans_design_i/myip_axi_lite_v1_0_0/inst/myip_axi_lite_v1_0_S00_AXI_inst/table_mem_reg_r1_640_767_8_8_i_1_n_0                                                      |                                                                                                                                                         |               16 |             64 |         4.00 |
|  ans_design_i/processing_system7_0/inst/FCLK_CLK0 | ans_design_i/myip_axi_lite_v1_0_0/inst/myip_axi_lite_v1_0_S00_AXI_inst/table_mem_reg_r1_768_895_0_0_i_1_n_0                                                      |                                                                                                                                                         |               16 |             64 |         4.00 |
|  ans_design_i/processing_system7_0/inst/FCLK_CLK0 | ans_design_i/myip_axi_lite_v1_0_0/inst/myip_axi_lite_v1_0_S00_AXI_inst/table_mem_reg_r1_640_767_16_16_i_1_n_0                                                    |                                                                                                                                                         |               16 |             64 |         4.00 |
|  ans_design_i/processing_system7_0/inst/FCLK_CLK0 | ans_design_i/myip_axi_lite_v1_0_0/inst/myip_axi_lite_v1_0_S00_AXI_inst/table_mem_reg_r1_768_895_16_16_i_1_n_0                                                    |                                                                                                                                                         |               16 |             64 |         4.00 |
|  ans_design_i/processing_system7_0/inst/FCLK_CLK0 | ans_design_i/myip_axi_lite_v1_0_0/inst/myip_axi_lite_v1_0_S00_AXI_inst/table_mem_reg_r1_896_1023_16_16_i_1_n_0                                                   |                                                                                                                                                         |               16 |             64 |         4.00 |
|  ans_design_i/processing_system7_0/inst/FCLK_CLK0 | ans_design_i/myip_axi_lite_v1_0_0/inst/myip_axi_lite_v1_0_S00_AXI_inst/table_mem_reg_r1_896_1023_0_0_i_1_n_0                                                     |                                                                                                                                                         |               16 |             64 |         4.00 |
|  ans_design_i/processing_system7_0/inst/FCLK_CLK0 | ans_design_i/myip_axi_lite_v1_0_0/inst/myip_axi_lite_v1_0_S00_AXI_inst/table_mem_reg_r1_768_895_24_24_i_1_n_0                                                    |                                                                                                                                                         |               16 |             64 |         4.00 |
|  ans_design_i/processing_system7_0/inst/FCLK_CLK0 | ans_design_i/myip_axi_lite_v1_0_0/inst/myip_axi_lite_v1_0_S00_AXI_inst/table_mem_reg_r1_896_1023_8_8_i_1_n_0                                                     |                                                                                                                                                         |               16 |             64 |         4.00 |
|  ans_design_i/processing_system7_0/inst/FCLK_CLK0 | ans_design_i/myip_axi_lite_v1_0_0/inst/myip_axi_lite_v1_0_S00_AXI_inst/table_mem_reg_r1_896_1023_24_24_i_1_n_0                                                   |                                                                                                                                                         |               16 |             64 |         4.00 |
|  ans_design_i/processing_system7_0/inst/FCLK_CLK0 | ans_design_i/myip_axi_lite_v1_0_0/inst/myip_axi_lite_v1_0_S00_AXI_inst/table_mem_reg_r1_0_127_16_16_i_1_n_0                                                      |                                                                                                                                                         |               16 |             64 |         4.00 |
|  ans_design_i/processing_system7_0/inst/FCLK_CLK0 | ans_design_i/myip_axi_lite_v1_0_0/inst/myip_axi_lite_v1_0_S00_AXI_inst/table_mem_reg_r1_0_127_0_0_i_1_n_0                                                        |                                                                                                                                                         |               16 |             64 |         4.00 |
|  ans_design_i/processing_system7_0/inst/FCLK_CLK0 | ans_design_i/myip_axi_lite_v1_0_0/inst/myip_axi_lite_v1_0_S00_AXI_inst/table_mem_reg_r1_128_255_16_16_i_1_n_0                                                    |                                                                                                                                                         |               16 |             64 |         4.00 |
|  ans_design_i/processing_system7_0/inst/FCLK_CLK0 | ans_design_i/myip_axi_lite_v1_0_0/inst/myip_axi_lite_v1_0_S00_AXI_inst/table_mem_reg_r1_256_383_24_24_i_1_n_0                                                    |                                                                                                                                                         |               16 |             64 |         4.00 |
|  ans_design_i/processing_system7_0/inst/FCLK_CLK0 | ans_design_i/myip_axi_lite_v1_0_0/inst/myip_axi_lite_v1_0_S00_AXI_inst/table_mem_reg_r1_128_255_0_0_i_1_n_0                                                      |                                                                                                                                                         |               16 |             64 |         4.00 |
|  ans_design_i/processing_system7_0/inst/FCLK_CLK0 | ans_design_i/myip_axi_lite_v1_0_0/inst/myip_axi_lite_v1_0_S00_AXI_inst/table_mem_reg_r1_0_127_24_24_i_1_n_0                                                      |                                                                                                                                                         |               16 |             64 |         4.00 |
|  ans_design_i/processing_system7_0/inst/FCLK_CLK0 | ans_design_i/myip_axi_lite_v1_0_0/inst/myip_axi_lite_v1_0_S00_AXI_inst/table_mem_reg_r1_0_127_8_8_i_1_n_0                                                        |                                                                                                                                                         |               16 |             64 |         4.00 |
|  ans_design_i/processing_system7_0/inst/FCLK_CLK0 | ans_design_i/myip_axi_lite_v1_0_0/inst/myip_axi_lite_v1_0_S00_AXI_inst/table_mem_reg_r1_256_383_0_0_i_1_n_0                                                      |                                                                                                                                                         |               16 |             64 |         4.00 |
|  ans_design_i/processing_system7_0/inst/FCLK_CLK0 | ans_design_i/myip_axi_lite_v1_0_0/inst/myip_axi_lite_v1_0_S00_AXI_inst/table_mem_reg_r1_256_383_16_16_i_1_n_0                                                    |                                                                                                                                                         |               16 |             64 |         4.00 |
|  ans_design_i/processing_system7_0/inst/FCLK_CLK0 | ans_design_i/myip_axi_lite_v1_0_0/inst/myip_axi_lite_v1_0_S00_AXI_inst/table_mem_reg_r1_128_255_8_8_i_1_n_0                                                      |                                                                                                                                                         |               16 |             64 |         4.00 |
|  ans_design_i/processing_system7_0/inst/FCLK_CLK0 | ans_design_i/myip_axi_lite_v1_0_0/inst/myip_axi_lite_v1_0_S00_AXI_inst/table_mem_reg_r1_128_255_24_24_i_1_n_0                                                    |                                                                                                                                                         |               16 |             64 |         4.00 |
|  ans_design_i/processing_system7_0/inst/FCLK_CLK0 | ans_design_i/myip_axi_lite_v1_0_0/inst/myip_axi_lite_v1_0_S00_AXI_inst/table_mem_reg_r1_768_895_8_8_i_1_n_0                                                      |                                                                                                                                                         |               16 |             64 |         4.00 |
|  ans_design_i/processing_system7_0/inst/FCLK_CLK0 |                                                                                                                                                                  |                                                                                                                                                         |               65 |            133 |         2.05 |
+---------------------------------------------------+------------------------------------------------------------------------------------------------------------------------------------------------------------------+---------------------------------------------------------------------------------------------------------------------------------------------------------+------------------+----------------+--------------+


